<?xml version="1.0" encoding="UTF-8"?>
<!-- Generated by org.testng.reporters.JUnitReportReporter -->
<testsuite hostname="Jagadeep" failures="0" tests="4" name="runner.TestRunner" time="21.514" errors="0" timestamp="2026-05-13T16:40:11 IST" skipped="0">
  <testcase classname="runner.TestRunner" name="runScenario" time="8.177"/>
  <testcase classname="runner.TestRunner" name="runScenario" time="4.498"/>
  <testcase classname="runner.TestRunner" name="runScenario" time="3.008"/>
  <testcase classname="runner.TestRunner" name="runScenario" time="5.831"/>
</testsuite> <!-- runner.TestRunner -->
